<?xml version="1.0" encoding="UTF-8"?>
<!-- Generated by org.testng.reporters.JUnitXMLReporter -->
<testsuite hostname="TRAININGPC" name="StringTest" tests="2" failures="1" timestamp="12 Nov 2015 20:05:51 GMT" time="4.167" errors="0">
  <testcase name="checkVowels1" time="0.01" classname="com.test.StringOperationTest">
    <failure type="java.lang.AssertionError" message="expected:&amp;lt;0&amp;gt; but was:&amp;lt;4&amp;gt;">
      <![CDATA[java.lang.AssertionError: expected:<0> but was:<4>
	at com.test.StringOperationTest.checkVowels1(StringOperationTest.java:47)
... Removed 29 stack frames]]>
    </failure>
  </testcase> <!-- checkVowels1 -->
  <testcase name="testString" time="0.001" classname="com.test.StringOperationObjTest"/>
</testsuite> <!-- StringTest -->
