<?xml version="1.0" encoding="UTF-8"?>
<testng-results skipped="1" failed="1" total="4" passed="2">
  <reporter-output>
  </reporter-output>
  <suite name="Default suite" duration-ms="23" started-at="2016-01-22T20:32:32Z" finished-at="2016-01-22T20:32:32Z">
    <groups>
      <group name="checkintest">
        <method signature="PrintMessageTest.method1()[pri:0, instance:com.test.PrintMessageTest@52d455b8]" name="method1" class="com.test.PrintMessageTest"/>
        <method signature="PrintMessageTest.method3()[pri:0, instance:com.test.PrintMessageTest@52d455b8]" name="method3" class="com.test.PrintMessageTest"/>
      </group> <!-- checkintest -->
      <group name="functest">
        <method signature="PrintMessageTest.method3()[pri:0, instance:com.test.PrintMessageTest@52d455b8]" name="method3" class="com.test.PrintMessageTest"/>
        <method signature="PrintMessageTest.method2()[pri:0, instance:com.test.PrintMessageTest@52d455b8]" name="method2" class="com.test.PrintMessageTest"/>
      </group> <!-- functest -->
    </groups>
    <test name="Default test" duration-ms="23" started-at="2016-01-22T20:32:32Z" finished-at="2016-01-22T20:32:32Z">
      <class name="com.test.PrintMessageTest">
        <test-method status="PASS" signature="get()[pri:0, instance:com.test.PrintMessageTest@52d455b8]" name="get" is-config="true" duration-ms="7" started-at="2016-01-22T12:32:32Z" finished-at="2016-01-22T12:32:32Z">
          <reporter-output>
          </reporter-output>
        </test-method> <!-- get -->
        <test-method status="PASS" signature="getString()[pri:0, instance:com.test.PrintMessageTest@52d455b8]" name="getString" is-config="true" duration-ms="0" started-at="2016-01-22T12:32:32Z" finished-at="2016-01-22T12:32:32Z">
          <reporter-output>
          </reporter-output>
        </test-method> <!-- getString -->
        <test-method status="PASS" signature="setGp()[pri:0, instance:com.test.PrintMessageTest@52d455b8]" name="setGp" is-config="true" duration-ms="1" started-at="2016-01-22T12:32:32Z" finished-at="2016-01-22T12:32:32Z">
          <reporter-output>
          </reporter-output>
        </test-method> <!-- setGp -->
        <test-method status="FAIL" signature="method1()[pri:0, instance:com.test.PrintMessageTest@52d455b8]" name="method1" duration-ms="6" started-at="2016-01-22T12:32:32Z" finished-at="2016-01-22T12:32:32Z">
          <exception class="java.lang.AssertionError">
            <message>
              <![CDATA[expected:<hi Bharti> but was:<hi nnBharti>]]>
            </message>
            <full-stacktrace>
              <![CDATA[java.lang.AssertionError: expected:<hi Bharti> but was:<hi nnBharti>
	at org.testng.AssertJUnit.assertEquals(AssertJUnit.java:101)
	at org.testng.AssertJUnit.assertEquals(AssertJUnit.java:108)
	at com.test.PrintMessageTest.method1(PrintMessageTest.java:26)
	at sun.reflect.NativeMethodAccessorImpl.invoke0(Native Method)
	at sun.reflect.NativeMethodAccessorImpl.invoke(Unknown Source)
	at sun.reflect.DelegatingMethodAccessorImpl.invoke(Unknown Source)
	at java.lang.reflect.Method.invoke(Unknown Source)
	at org.testng.internal.MethodInvocationHelper.invokeMethod(MethodInvocationHelper.java:84)
	at org.testng.internal.Invoker.invokeMethod(Invoker.java:714)
	at org.testng.internal.Invoker.invokeTestMethod(Invoker.java:901)
	at org.testng.internal.Invoker.invokeTestMethods(Invoker.java:1231)
	at org.testng.internal.TestMethodWorker.invokeTestMethods(TestMethodWorker.java:127)
	at org.testng.internal.TestMethodWorker.run(TestMethodWorker.java:111)
	at org.testng.TestRunner.privateRun(TestRunner.java:767)
	at org.testng.TestRunner.run(TestRunner.java:617)
	at org.testng.SuiteRunner.runTest(SuiteRunner.java:334)
	at org.testng.SuiteRunner.runSequentially(SuiteRunner.java:329)
	at org.testng.SuiteRunner.privateRun(SuiteRunner.java:291)
	at org.testng.SuiteRunner.run(SuiteRunner.java:240)
	at org.testng.SuiteRunnerWorker.runSuite(SuiteRunnerWorker.java:52)
	at org.testng.SuiteRunnerWorker.run(SuiteRunnerWorker.java:86)
	at org.testng.TestNG.runSuitesSequentially(TestNG.java:1224)
	at org.testng.TestNG.runSuitesLocally(TestNG.java:1149)
	at org.testng.TestNG.run(TestNG.java:1057)
	at org.testng.remote.RemoteTestNG.run(RemoteTestNG.java:111)
	at org.testng.remote.RemoteTestNG.initAndRun(RemoteTestNG.java:204)
	at org.testng.remote.RemoteTestNG.main(RemoteTestNG.java:175)
]]>
            </full-stacktrace>
          </exception> <!-- java.lang.AssertionError -->
          <reporter-output>
          </reporter-output>
        </test-method> <!-- method1 -->
        <test-method status="PASS" signature="method3()[pri:0, instance:com.test.PrintMessageTest@52d455b8]" name="method3" duration-ms="1" started-at="2016-01-22T12:32:32Z" finished-at="2016-01-22T12:32:32Z">
          <reporter-output>
          </reporter-output>
        </test-method> <!-- method3 -->
        <test-method status="PASS" signature="setGp()[pri:0, instance:com.test.PrintMessageTest@52d455b8]" name="setGp" is-config="true" duration-ms="0" started-at="2016-01-22T12:32:32Z" finished-at="2016-01-22T12:32:32Z">
          <reporter-output>
          </reporter-output>
        </test-method> <!-- setGp -->
        <test-method status="PASS" signature="method2()[pri:0, instance:com.test.PrintMessageTest@52d455b8]" name="method2" duration-ms="0" started-at="2016-01-22T12:32:32Z" finished-at="2016-01-22T12:32:32Z">
          <reporter-output>
          </reporter-output>
        </test-method> <!-- method2 -->
        <test-method status="SKIP" signature="method4()[pri:0, instance:com.test.PrintMessageTest@52d455b8]" name="method4" duration-ms="0" depends-on-groups="checkintest" started-at="2016-01-22T12:32:32Z" finished-at="2016-01-22T12:32:32Z">
          <reporter-output>
          </reporter-output>
        </test-method> <!-- method4 -->
        <test-method status="PASS" signature="clearString()[pri:0, instance:com.test.PrintMessageTest@52d455b8]" name="clearString" is-config="true" duration-ms="0" started-at="2016-01-22T12:32:32Z" finished-at="2016-01-22T12:32:32Z">
          <reporter-output>
          </reporter-output>
        </test-method> <!-- clearString -->
        <test-method status="PASS" signature="clear()[pri:0, instance:com.test.PrintMessageTest@52d455b8]" name="clear" is-config="true" duration-ms="0" started-at="2016-01-22T12:32:32Z" finished-at="2016-01-22T12:32:32Z">
          <reporter-output>
          </reporter-output>
        </test-method> <!-- clear -->
      </class> <!-- com.test.PrintMessageTest -->
    </test> <!-- Default test -->
  </suite> <!-- Default suite -->
</testng-results>
