<?xml version="1.0" encoding="UTF-8"?>
<!-- Generated by org.testng.reporters.JUnitReportReporter -->
<testsuite hostname="TRAININGPC" name="com.test.TestGroup" tests="4" failures="0" timestamp="20 Jan 2016 21:02:38 GMT" time="0.014" errors="0">
  <testcase name="testConnectOracle" time="0.001" classname="com.test.TestGroup"/>
  <testcase name="testConnectMsSQL" time="0.003" classname="com.test.TestGroup"/>
  <testcase name="runSelenium1" time="0.002" classname="com.test.TestGroup"/>
  <testcase name="runSelenium" time="0.008" classname="com.test.TestGroup"/>
</testsuite> <!-- com.test.TestGroup -->
