<?xml version="1.0" encoding="UTF-8"?>
<!-- Generated by org.testng.reporters.JUnitReportReporter -->
<testsuite hostname="TRAININGPC" name="com.test.PrintMessageTest" tests="10" failures="0" timestamp="24 Mar 2016 21:28:49 GMT" time="0.039" errors="0">
  <testcase name="method2" time="0.008" classname="com.test.PrintMessageTest"/>
  <testcase name="method2" time="0.004" classname="com.test.PrintMessageTest"/>
  <testcase name="method2" time="0.000" classname="com.test.PrintMessageTest"/>
  <testcase name="method2" time="0.001" classname="com.test.PrintMessageTest"/>
  <testcase name="method2" time="0.008" classname="com.test.PrintMessageTest"/>
  <testcase name="method2" time="0.001" classname="com.test.PrintMessageTest"/>
  <testcase name="method2" time="0.003" classname="com.test.PrintMessageTest"/>
  <testcase name="method2" time="0.002" classname="com.test.PrintMessageTest"/>
  <testcase name="method2" time="0.004" classname="com.test.PrintMessageTest"/>
  <testcase name="method2" time="0.008" classname="com.test.PrintMessageTest"/>
</testsuite> <!-- com.test.PrintMessageTest -->
