<?xml version="1.0" encoding="UTF-8"?>
<testng-results skipped="0" failed="1" total="1" passed="0">
  <reporter-output>
  </reporter-output>
  <suite name="loginSuite" duration-ms="4651" started-at="2016-04-06T21:23:25Z" finished-at="2016-04-06T21:23:29Z">
    <groups>
    </groups>
    <test name="loginTest" duration-ms="4651" started-at="2016-04-06T21:23:25Z" finished-at="2016-04-06T21:23:29Z">
      <class name="com.test.LoginPageTest">
        <test-method status="PASS" signature="setup()[pri:0, instance:com.test.LoginPageTest@2bbaf4f0]" name="setup" is-config="true" duration-ms="7358" started-at="2016-04-06T14:23:17Z" finished-at="2016-04-06T14:23:25Z">
          <reporter-output>
          </reporter-output>
        </test-method> <!-- setup -->
        <test-method status="FAIL" signature="testLogin(java.lang.String, java.lang.String)[pri:0, instance:com.test.LoginPageTest@2bbaf4f0]" name="testLogin" duration-ms="0" started-at="2016-04-06T14:23:29Z" data-provider="user-data" finished-at="2016-04-06T14:23:29Z">
          <exception class="java.lang.RuntimeException">
            <message>
              <![CDATA[java.lang.NoClassDefFoundError: org/apache/xmlbeans/XmlObject]]>
            </message>
            <full-stacktrace>
              <![CDATA[java.lang.RuntimeException: java.lang.NoClassDefFoundError: org/apache/xmlbeans/XmlObject
	at org.testng.internal.MethodInvocationHelper.invokeDataProvider(MethodInvocationHelper.java:161)
	at org.testng.internal.Parameters.handleParameters(Parameters.java:429)
	at org.testng.internal.Invoker.handleParameters(Invoker.java:1383)
	at org.testng.internal.Invoker.createParameters(Invoker.java:1075)
	at org.testng.internal.Invoker.invokeTestMethods(Invoker.java:1180)
	at org.testng.internal.TestMethodWorker.invokeTestMethods(TestMethodWorker.java:127)
	at org.testng.internal.TestMethodWorker.run(TestMethodWorker.java:111)
	at org.testng.TestRunner.privateRun(TestRunner.java:767)
	at org.testng.TestRunner.run(TestRunner.java:617)
	at org.testng.SuiteRunner.runTest(SuiteRunner.java:334)
	at org.testng.SuiteRunner.runSequentially(SuiteRunner.java:329)
	at org.testng.SuiteRunner.privateRun(SuiteRunner.java:291)
	at org.testng.SuiteRunner.run(SuiteRunner.java:240)
	at org.testng.SuiteRunnerWorker.runSuite(SuiteRunnerWorker.java:52)
	at org.testng.SuiteRunnerWorker.run(SuiteRunnerWorker.java:86)
	at org.testng.TestNG.runSuitesSequentially(TestNG.java:1224)
	at org.testng.TestNG.runSuitesLocally(TestNG.java:1149)
	at org.testng.TestNG.run(TestNG.java:1057)
	at org.testng.remote.RemoteTestNG.run(RemoteTestNG.java:111)
	at org.testng.remote.RemoteTestNG.initAndRun(RemoteTestNG.java:204)
	at org.testng.remote.RemoteTestNG.main(RemoteTestNG.java:175)
Caused by: java.lang.NoClassDefFoundError: org/apache/xmlbeans/XmlObject
	at com.util.ExcelUtils.getData(ExcelUtils.java:19)
	at com.test.LoginPageTest.getUsers(LoginPageTest.java:29)
	at sun.reflect.NativeMethodAccessorImpl.invoke0(Native Method)
	at sun.reflect.NativeMethodAccessorImpl.invoke(Unknown Source)
	at sun.reflect.DelegatingMethodAccessorImpl.invoke(Unknown Source)
	at java.lang.reflect.Method.invoke(Unknown Source)
	at org.testng.internal.MethodInvocationHelper.invokeMethod(MethodInvocationHelper.java:84)
	at org.testng.internal.MethodInvocationHelper.invokeDataProvider(MethodInvocationHelper.java:135)
	... 20 more
Caused by: java.lang.ClassNotFoundException: org.apache.xmlbeans.XmlObject
	at java.net.URLClassLoader.findClass(Unknown Source)
	at java.lang.ClassLoader.loadClass(Unknown Source)
	at sun.misc.Launcher$AppClassLoader.loadClass(Unknown Source)
	at java.lang.ClassLoader.loadClass(Unknown Source)
	... 28 more
]]>
            </full-stacktrace>
          </exception> <!-- java.lang.RuntimeException -->
          <reporter-output>
          </reporter-output>
        </test-method> <!-- testLogin -->
        <test-method status="PASS" signature="clear()[pri:0, instance:com.test.LoginPageTest@2bbaf4f0]" name="clear" is-config="true" duration-ms="1007" started-at="2016-04-06T14:23:29Z" finished-at="2016-04-06T14:23:30Z">
          <reporter-output>
          </reporter-output>
        </test-method> <!-- clear -->
      </class> <!-- com.test.LoginPageTest -->
    </test> <!-- loginTest -->
  </suite> <!-- loginSuite -->
</testng-results>
