<?xml version="1.0" encoding="UTF-8"?>
<testng-results skipped="0" failed="0" total="1" passed="1">
  <reporter-output>
  </reporter-output>
  <suite name="Default suite" duration-ms="7617" started-at="2016-02-02T20:28:22Z" finished-at="2016-02-02T20:28:30Z">
    <groups>
    </groups>
    <test name="Default test" duration-ms="7617" started-at="2016-02-02T20:28:22Z" finished-at="2016-02-02T20:28:30Z">
      <class name="com.test.LoginPage_PFTest">
        <test-method status="PASS" signature="initialize()[pri:0, instance:com.test.LoginPage_PFTest@2d6d8735]" name="initialize" is-config="true" duration-ms="6811" started-at="2016-02-02T12:28:22Z" finished-at="2016-02-02T12:28:29Z">
          <reporter-output>
          </reporter-output>
        </test-method> <!-- initialize -->
        <test-method status="PASS" signature="method1()[pri:0, instance:com.test.LoginPage_PFTest@2d6d8735]" name="method1" duration-ms="792" started-at="2016-02-02T12:28:29Z" finished-at="2016-02-02T12:28:30Z">
          <reporter-output>
          </reporter-output>
        </test-method> <!-- method1 -->
      </class> <!-- com.test.LoginPage_PFTest -->
    </test> <!-- Default test -->
  </suite> <!-- Default suite -->
</testng-results>
