<?xml version="1.0" encoding="UTF-8"?>
<!-- Generated by org.testng.reporters.JUnitXMLReporter -->
<testsuite hostname="TRAININGPC" name="funcTest" tests="3" failures="0" timestamp="24 Mar 2016 20:12:09 GMT" time="23.808" errors="0">
  <testcase name="method1" time="0.001" classname="com.test.StringOpTest"/>
  <testcase name="method2" time="0.0" classname="com.test.StringOpTest"/>
  <testcase name="method1" time="0.001" classname="com.test.PrintMessageTest"/>
</testsuite> <!-- funcTest -->
