<?xml version="1.0" encoding="UTF-8"?>
<!-- Generated by org.testng.reporters.JUnitXMLReporter -->
<testsuite hostname="TRAININGPC" name="groupTest" tests="5" failures="0" timestamp="24 Mar 2016 20:33:47 GMT" time="0.04" errors="0">
  <testcase name="runSelenium" time="0.007" classname="com.test.TestGroup"/>
  <testcase name="runSelenium1" time="0.002" classname="com.test.TestGroup"/>
  <testcase name="testConnectMsSQL" time="0.001" classname="com.test.TestGroup"/>
  <testcase name="testConnectOracle" time="0.002" classname="com.test.TestGroup"/>
  <testcase name="testFunc" time="0.002" classname="com.test.TestGroup"/>
</testsuite> <!-- groupTest -->
