<?xml version="1.0" encoding="UTF-8"?>
<!-- Generated by org.testng.reporters.JUnitXMLReporter -->
<testsuite hostname="TRAININGPC" name="PrintTest" tests="1" failures="1" timestamp="16 Sep 2015 17:45:55 GMT" time="0.012" errors="0">
  <testcase name="testPrintMessage" time="0.005" classname="com.test.PrintMessageTest">
    <failure type="java.lang.AssertionError" message="expected:&amp;lt;Hi&amp;gt; but was:&amp;lt;null&amp;gt;">
      <![CDATA[java.lang.AssertionError: expected:<Hi> but was:<null>
	at com.test.PrintMessageTest.testPrintMessage(PrintMessageTest.java:24)
... Removed 26 stack frames]]>
    </failure>
  </testcase> <!-- testPrintMessage -->
</testsuite> <!-- PrintTest -->
