<?xml version="1.0" encoding="UTF-8"?>
<!-- Generated by org.testng.reporters.JUnitXMLReporter -->
<testsuite hostname="TRAININGPC" name="FunctTest" tests="3" failures="0" timestamp="4 Feb 2016 19:59:17 GMT" time="1.136" errors="0">
  <testcase name="@BeforeClass initialize" time="0.0" classname="com.test.LoginPageTest">
    <failure type="java.lang.NullPointerException">
      <![CDATA[java.lang.NullPointerException
	at com.pages.HomePage.clickLogin(HomePage.java:47)
	at com.pages.LoginPage.<init>(LoginPage.java:14)
	at com.test.LoginPageTest.initialize(LoginPageTest.java:18)
... Removed 24 stack frames]]>
    </failure>
  </testcase> <!-- @BeforeClass initialize -->
  <testcase name="testCountSocialIcons" time="0.211" classname="com.test.HomePageTest"/>
  <testcase name="testLoginClick" time="0.901" classname="com.test.HomePageTest"/>
  <testcase name="testInvalidLogin" time="0.0" classname="com.test.LoginPageTest">
    <skipped/>
  </testcase> <!-- testInvalidLogin -->
</testsuite> <!-- FunctTest -->
