<?xml version="1.0" encoding="UTF-8"?>
<testng-results skipped="1" failed="0" total="3" passed="2">
  <reporter-output>
  </reporter-output>
  <suite name="AutoFrameTestSuite" duration-ms="1136" started-at="2016-02-04T19:59:16Z" finished-at="2016-02-04T19:59:17Z">
    <groups>
    </groups>
    <test name="FunctTest" duration-ms="1136" started-at="2016-02-04T19:59:16Z" finished-at="2016-02-04T19:59:17Z">
      <class name="com.test.HomePageTest">
        <test-method status="PASS" signature="setUp()[pri:0, instance:com.test.HomePageTest@5a42bbf4]" name="setUp" is-config="true" duration-ms="8049" started-at="2016-02-04T11:59:08Z" finished-at="2016-02-04T11:59:16Z">
          <reporter-output>
          </reporter-output>
        </test-method> <!-- setUp -->
        <test-method status="PASS" signature="initialize()[pri:0, instance:com.test.HomePageTest@5a42bbf4]" name="initialize" is-config="true" duration-ms="2" started-at="2016-02-04T11:59:16Z" finished-at="2016-02-04T11:59:16Z">
          <reporter-output>
          </reporter-output>
        </test-method> <!-- initialize -->
        <test-method status="PASS" signature="testCountSocialIcons()[pri:0, instance:com.test.HomePageTest@5a42bbf4]" name="testCountSocialIcons" duration-ms="211" started-at="2016-02-04T11:59:16Z" finished-at="2016-02-04T11:59:16Z">
          <reporter-output>
          </reporter-output>
        </test-method> <!-- testCountSocialIcons -->
        <test-method status="PASS" signature="testLoginClick()[pri:0, instance:com.test.HomePageTest@5a42bbf4]" name="testLoginClick" duration-ms="901" started-at="2016-02-04T11:59:16Z" finished-at="2016-02-04T11:59:17Z">
          <reporter-output>
          </reporter-output>
        </test-method> <!-- testLoginClick -->
        <test-method status="SKIP" signature="quit()[pri:0, instance:com.test.HomePageTest@5a42bbf4]" name="quit" is-config="true" duration-ms="0" started-at="2016-02-04T11:59:17Z" finished-at="2016-02-04T11:59:17Z">
          <reporter-output>
          </reporter-output>
        </test-method> <!-- quit -->
      </class> <!-- com.test.HomePageTest -->
      <class name="com.test.LoginPageTest">
        <test-method status="FAIL" signature="initialize()[pri:0, instance:com.test.LoginPageTest@5fe5c6f]" name="initialize" is-config="true" duration-ms="0" started-at="2016-02-04T11:59:17Z" finished-at="2016-02-04T11:59:17Z">
          <exception class="java.lang.NullPointerException">
            <full-stacktrace>
              <![CDATA[java.lang.NullPointerException
	at com.pages.HomePage.clickLogin(HomePage.java:47)
	at com.pages.LoginPage.<init>(LoginPage.java:14)
	at com.test.LoginPageTest.initialize(LoginPageTest.java:18)
	at sun.reflect.NativeMethodAccessorImpl.invoke0(Native Method)
	at sun.reflect.NativeMethodAccessorImpl.invoke(Unknown Source)
	at sun.reflect.DelegatingMethodAccessorImpl.invoke(Unknown Source)
	at java.lang.reflect.Method.invoke(Unknown Source)
	at org.testng.internal.MethodInvocationHelper.invokeMethod(MethodInvocationHelper.java:84)
	at org.testng.internal.Invoker.invokeConfigurationMethod(Invoker.java:564)
	at org.testng.internal.Invoker.invokeConfigurations(Invoker.java:213)
	at org.testng.internal.Invoker.invokeConfigurations(Invoker.java:138)
	at org.testng.internal.TestMethodWorker.invokeBeforeClassMethods(TestMethodWorker.java:175)
	at org.testng.internal.TestMethodWorker.run(TestMethodWorker.java:107)
	at org.testng.TestRunner.privateRun(TestRunner.java:767)
	at org.testng.TestRunner.run(TestRunner.java:617)
	at org.testng.SuiteRunner.runTest(SuiteRunner.java:334)
	at org.testng.SuiteRunner.runSequentially(SuiteRunner.java:329)
	at org.testng.SuiteRunner.privateRun(SuiteRunner.java:291)
	at org.testng.SuiteRunner.run(SuiteRunner.java:240)
	at org.testng.SuiteRunnerWorker.runSuite(SuiteRunnerWorker.java:52)
	at org.testng.SuiteRunnerWorker.run(SuiteRunnerWorker.java:86)
	at org.testng.TestNG.runSuitesSequentially(TestNG.java:1224)
	at org.testng.TestNG.runSuitesLocally(TestNG.java:1149)
	at org.testng.TestNG.run(TestNG.java:1057)
	at org.testng.remote.RemoteTestNG.run(RemoteTestNG.java:111)
	at org.testng.remote.RemoteTestNG.initAndRun(RemoteTestNG.java:204)
	at org.testng.remote.RemoteTestNG.main(RemoteTestNG.java:175)
]]>
            </full-stacktrace>
          </exception> <!-- java.lang.NullPointerException -->
          <reporter-output>
          </reporter-output>
        </test-method> <!-- initialize -->
        <test-method status="SKIP" signature="testInvalidLogin()[pri:0, instance:com.test.LoginPageTest@5fe5c6f]" name="testInvalidLogin" duration-ms="0" started-at="2016-02-04T11:59:17Z" finished-at="2016-02-04T11:59:17Z">
          <reporter-output>
          </reporter-output>
        </test-method> <!-- testInvalidLogin -->
      </class> <!-- com.test.LoginPageTest -->
    </test> <!-- FunctTest -->
  </suite> <!-- AutoFrameTestSuite -->
</testng-results>
