<?xml version="1.0" encoding="UTF-8"?>
<!-- Generated by org.testng.reporters.JUnitXMLReporter -->
<testsuite hostname="TRAININGPC" name="homeTest" tests="3" failures="2" timestamp="6 Apr 2016 21:11:50 GMT" time="1.211" errors="0">
  <testcase name="testLogin" time="1.147" classname="com.test.HomePageTest">
    <failure type="java.lang.AssertionError" message="expected [http://www.whiteboxqa.com/login.php] but found [http://www.whiteboxqa.com/]">
      <![CDATA[java.lang.AssertionError: expected [http://www.whiteboxqa.com/login.php] but found [http://www.whiteboxqa.com/]
	at com.test.HomePageTest.testLogin(HomePageTest.java:38)
... Removed 30 stack frames]]>
    </failure>
  </testcase> <!-- testLogin -->
  <testcase name="testLogo" time="0.021" classname="com.test.HomePageTest"/>
  <testcase name="testNavBar" time="0.023" classname="com.test.HomePageTest">
    <failure type="java.lang.AssertionError" message="expected [6] but found [8]">
      <![CDATA[java.lang.AssertionError: expected [6] but found [8]
	at com.test.HomePageTest.testNavBar(HomePageTest.java:32)
... Removed 30 stack frames]]>
    </failure>
  </testcase> <!-- testNavBar -->
</testsuite> <!-- homeTest -->
