<?xml version="1.0" encoding="UTF-8"?>
<testng-results skipped="0" failed="0" total="4" passed="4">
  <reporter-output>
  </reporter-output>
  <suite name="ParameterSuite" duration-ms="34" started-at="2015-11-16T19:29:50Z" finished-at="2015-11-16T19:29:50Z">
    <groups>
    </groups>
    <test name="ParameterTest" duration-ms="34" started-at="2015-11-16T19:29:50Z" finished-at="2015-11-16T19:29:50Z">
      <class name="com.test.ParameterTest">
        <test-method status="PASS" signature="testParameter(java.lang.String)[pri:0, instance:com.test.ParameterTest@4f4a7090]" name="testParameter" duration-ms="11" started-at="2015-11-16T11:29:50Z" finished-at="2015-11-16T11:29:50Z">
          <params>
            <param index="0">
              <value>
                <![CDATA[bharti]]>
              </value>
            </param>
          </params>
          <reporter-output>
          </reporter-output>
        </test-method> <!-- testParameter -->
        <test-method status="PASS" signature="testPrimeNumber(int, boolean)[pri:0, instance:com.test.ParameterTest@4f4a7090]" name="testPrimeNumber" duration-ms="3" started-at="2015-11-16T11:29:50Z" data-provider="data" finished-at="2015-11-16T11:29:50Z">
          <params>
            <param index="0">
              <value>
                <![CDATA[2]]>
              </value>
            </param>
            <param index="1">
              <value>
                <![CDATA[true]]>
              </value>
            </param>
          </params>
          <reporter-output>
          </reporter-output>
        </test-method> <!-- testPrimeNumber -->
        <test-method status="PASS" signature="testPrimeNumber(int, boolean)[pri:0, instance:com.test.ParameterTest@4f4a7090]" name="testPrimeNumber" duration-ms="2" started-at="2015-11-16T11:29:50Z" data-provider="data" finished-at="2015-11-16T11:29:50Z">
          <params>
            <param index="0">
              <value>
                <![CDATA[8]]>
              </value>
            </param>
            <param index="1">
              <value>
                <![CDATA[false]]>
              </value>
            </param>
          </params>
          <reporter-output>
          </reporter-output>
        </test-method> <!-- testPrimeNumber -->
        <test-method status="PASS" signature="testPrimeNumber(int, boolean)[pri:0, instance:com.test.ParameterTest@4f4a7090]" name="testPrimeNumber" duration-ms="1" started-at="2015-11-16T11:29:50Z" data-provider="data" finished-at="2015-11-16T11:29:50Z">
          <params>
            <param index="0">
              <value>
                <![CDATA[7]]>
              </value>
            </param>
            <param index="1">
              <value>
                <![CDATA[true]]>
              </value>
            </param>
          </params>
          <reporter-output>
          </reporter-output>
        </test-method> <!-- testPrimeNumber -->
      </class> <!-- com.test.ParameterTest -->
    </test> <!-- ParameterTest -->
  </suite> <!-- ParameterSuite -->
</testng-results>
