<?xml version="1.0" encoding="UTF-8"?>
<!-- Generated by org.testng.reporters.JUnitXMLReporter -->
<testsuite hostname="TRAININGPC" name="StringOpTest" tests="3" failures="0" timestamp="20 Jan 2016 20:20:32 GMT" time="21.956" errors="0">
  <testcase name="method1" time="0.008" classname="com.test.StringOperationsTest"/>
  <testcase name="method2" time="0.001" classname="com.test.StringOperationsTest"/>
  <testcase name="method7" time="0.001" classname="com.test.StringOperationsNegTest"/>
</testsuite> <!-- StringOpTest -->
