<?xml version="1.0" encoding="UTF-8"?>
<!-- Generated by org.testng.reporters.JUnitXMLReporter -->
<testsuite hostname="TRAININGPC" name="StringPrintTest" tests="3" failures="0" timestamp="20 Jan 2016 21:05:53 GMT" time="0.027" errors="0">
  <testcase name="method1" time="0.006" classname="com.test.PrintMessageTest"/>
  <testcase name="method2" time="0.0" classname="com.test.PrintMessageTest"/>
  <testcase name="method3" time="0.001" classname="com.test.PrintMessageTest"/>
</testsuite> <!-- StringPrintTest -->
