<?xml version="1.0" encoding="UTF-8"?>
<!-- Generated by org.testng.reporters.JUnitXMLReporter -->
<testsuite hostname="TRAININGPC" name="Default test" tests="10" failures="0" timestamp="24 Mar 2016 21:28:48 GMT" time="0.034" errors="0">
  <testcase name="method2" time="0.008" classname="com.test.PrintMessageTest"/>
  <testcase name="method2" time="0.008" classname="com.test.PrintMessageTest"/>
  <testcase name="method2" time="0.008" classname="com.test.PrintMessageTest"/>
  <testcase name="method2" time="0.0" classname="com.test.PrintMessageTest"/>
  <testcase name="method2" time="0.001" classname="com.test.PrintMessageTest"/>
  <testcase name="method2" time="0.002" classname="com.test.PrintMessageTest"/>
  <testcase name="method2" time="0.004" classname="com.test.PrintMessageTest"/>
  <testcase name="method2" time="0.001" classname="com.test.PrintMessageTest"/>
  <testcase name="method2" time="0.003" classname="com.test.PrintMessageTest"/>
  <testcase name="method2" time="0.004" classname="com.test.PrintMessageTest"/>
</testsuite> <!-- Default test -->
