<?xml version="1.0" encoding="UTF-8"?>
<testng-results skipped="0" failed="0" total="1" passed="1">
  <reporter-output>
  </reporter-output>
  <suite name="Default suite" duration-ms="31" started-at="2015-09-16T19:01:12Z" finished-at="2015-09-16T19:01:12Z">
    <groups>
    </groups>
    <test name="Default test" duration-ms="31" started-at="2015-09-16T19:01:12Z" finished-at="2015-09-16T19:01:12Z">
      <class name="com.test.ExampleTest">
        <test-method status="PASS" signature="testMethod1()[pri:0, instance:com.test.ExampleTest@5479e3f]" name="testMethod1" duration-ms="16" started-at="2015-09-16T12:01:12Z" finished-at="2015-09-16T12:01:12Z">
          <reporter-output>
          </reporter-output>
        </test-method> <!-- testMethod1 -->
      </class> <!-- com.test.ExampleTest -->
    </test> <!-- Default test -->
  </suite> <!-- Default suite -->
</testng-results>
